Started GET "/" for 127.0.0.1 at 2017-07-19 10:08:10 +0800
Processing by Rails::WelcomeController#index as HTML
  Parameters: {"internal"=>true}
  Rendering /Users/sanoyoh/.rbenv/versions/2.4.0/lib/ruby/gems/2.4.0/gems/railties-5.0.4/lib/rails/templates/rails/welcome/index.html.erb
  Rendered /Users/sanoyoh/.rbenv/versions/2.4.0/lib/ruby/gems/2.4.0/gems/railties-5.0.4/lib/rails/templates/rails/welcome/index.html.erb (5.1ms)
Completed 200 OK in 29ms (Views: 14.4ms | ActiveRecord: 0.0ms)


Started GET "/" for 127.0.0.1 at 2017-07-19 10:10:06 +0800
Processing by Rails::WelcomeController#index as HTML
  Parameters: {"internal"=>true}
  Rendering /Users/sanoyoh/.rbenv/versions/2.4.0/lib/ruby/gems/2.4.0/gems/railties-5.0.4/lib/rails/templates/rails/welcome/index.html.erb
  Rendered /Users/sanoyoh/.rbenv/versions/2.4.0/lib/ruby/gems/2.4.0/gems/railties-5.0.4/lib/rails/templates/rails/welcome/index.html.erb (2.9ms)
Completed 200 OK in 10ms (Views: 5.7ms | ActiveRecord: 0.0ms)


Started GET "/sample/index" for 127.0.0.1 at 2017-07-19 10:13:59 +0800
Processing by SampleController#index as HTML
  Rendering sample/index.html.erb within layouts/application
  Rendered sample/index.html.erb within layouts/application (0.5ms)
Completed 200 OK in 793ms (Views: 788.8ms | ActiveRecord: 0.0ms)


Started GET "/sample/index" for 127.0.0.1 at 2017-07-19 10:14:23 +0800
  
ActionController::RoutingError (No route matches [GET] "/sample/index"):
  
actionpack (5.0.4) lib/action_dispatch/middleware/debug_exceptions.rb:53:in `call'
web-console (3.5.1) lib/web_console/middleware.rb:135:in `call_app'
web-console (3.5.1) lib/web_console/middleware.rb:28:in `block in call'
web-console (3.5.1) lib/web_console/middleware.rb:18:in `catch'
web-console (3.5.1) lib/web_console/middleware.rb:18:in `call'
actionpack (5.0.4) lib/action_dispatch/middleware/show_exceptions.rb:31:in `call'
railties (5.0.4) lib/rails/rack/logger.rb:36:in `call_app'
railties (5.0.4) lib/rails/rack/logger.rb:24:in `block in call'
activesupport (5.0.4) lib/active_support/tagged_logging.rb:69:in `block in tagged'
activesupport (5.0.4) lib/active_support/tagged_logging.rb:26:in `tagged'
activesupport (5.0.4) lib/active_support/tagged_logging.rb:69:in `tagged'
railties (5.0.4) lib/rails/rack/logger.rb:24:in `call'
sprockets-rails (3.2.0) lib/sprockets/rails/quiet_assets.rb:13:in `call'
actionpack (5.0.4) lib/action_dispatch/middleware/request_id.rb:24:in `call'
rack (2.0.3) lib/rack/method_override.rb:22:in `call'
rack (2.0.3) lib/rack/runtime.rb:22:in `call'
activesupport (5.0.4) lib/active_support/cache/strategy/local_cache_middleware.rb:28:in `call'
actionpack (5.0.4) lib/action_dispatch/middleware/executor.rb:12:in `call'
actionpack (5.0.4) lib/action_dispatch/middleware/static.rb:136:in `call'
rack (2.0.3) lib/rack/sendfile.rb:111:in `call'
railties (5.0.4) lib/rails/engine.rb:522:in `call'
puma (3.9.1) lib/puma/configuration.rb:224:in `call'
puma (3.9.1) lib/puma/server.rb:602:in `handle_request'
puma (3.9.1) lib/puma/server.rb:435:in `process_client'
puma (3.9.1) lib/puma/server.rb:299:in `block in run'
puma (3.9.1) lib/puma/thread_pool.rb:120:in `block in spawn_thread'
  Rendering /Users/sanoyoh/.rbenv/versions/2.4.0/lib/ruby/gems/2.4.0/gems/actionpack-5.0.4/lib/action_dispatch/middleware/templates/rescues/routing_error.html.erb within rescues/layout
  Rendering /Users/sanoyoh/.rbenv/versions/2.4.0/lib/ruby/gems/2.4.0/gems/actionpack-5.0.4/lib/action_dispatch/middleware/templates/rescues/_trace.html.erb
  Rendered /Users/sanoyoh/.rbenv/versions/2.4.0/lib/ruby/gems/2.4.0/gems/actionpack-5.0.4/lib/action_dispatch/middleware/templates/rescues/_trace.html.erb (1.2ms)
  Rendered collection of /Users/sanoyoh/.rbenv/versions/2.4.0/lib/ruby/gems/2.4.0/gems/actionpack-5.0.4/lib/action_dispatch/middleware/templates/routes/_route.html.erb [1 times] (7.3ms)
  Rendered /Users/sanoyoh/.rbenv/versions/2.4.0/lib/ruby/gems/2.4.0/gems/actionpack-5.0.4/lib/action_dispatch/middleware/templates/routes/_table.html.erb (13.6ms)
  Rendering /Users/sanoyoh/.rbenv/versions/2.4.0/lib/ruby/gems/2.4.0/gems/actionpack-5.0.4/lib/action_dispatch/middleware/templates/rescues/_request_and_response.html.erb
  Rendered /Users/sanoyoh/.rbenv/versions/2.4.0/lib/ruby/gems/2.4.0/gems/actionpack-5.0.4/lib/action_dispatch/middleware/templates/rescues/_request_and_response.html.erb (1.1ms)
  Rendered /Users/sanoyoh/.rbenv/versions/2.4.0/lib/ruby/gems/2.4.0/gems/actionpack-5.0.4/lib/action_dispatch/middleware/templates/rescues/routing_error.html.erb within rescues/layout (121.5ms)
Started GET "/" for 127.0.0.1 at 2017-07-19 10:14:25 +0800
Processing by SampleController#index as HTML
  Rendering sample/index.html.erb within layouts/application
  Rendered sample/index.html.erb within layouts/application (0.3ms)
Completed 200 OK in 47ms (Views: 43.5ms | ActiveRecord: 0.0ms)


Started GET "/" for 127.0.0.1 at 2017-07-19 10:17:36 +0800
Processing by SampleController#index as HTML
  Rendering sample/index.html.erb within layouts/application
  Rendered sample/index.html.erb within layouts/application (240.4ms)
Completed 500 Internal Server Error in 248ms (ActiveRecord: 0.0ms)


  
ActionView::Template::Error (undefined local variable or method `f' for #<#<Class:0x007fb3af4cb9f8>:0x007fb3ad4458f0>):
    1: <h1>Sample</h1>
    2: <%= form_tag() do %>
    3: 
    4:   <%= f.label :name %>
    5:   <%= f.text_field :name, class: 'form-control' %>
    6: 
    7:   <%= f.label :email %>
  
app/views/sample/index.html.erb:4:in `block in _app_views_sample_index_html_erb___727675793290764442_70204841406780'
app/views/sample/index.html.erb:2:in `_app_views_sample_index_html_erb___727675793290764442_70204841406780'
  Rendering /Users/sanoyoh/.rbenv/versions/2.4.0/lib/ruby/gems/2.4.0/gems/actionpack-5.0.4/lib/action_dispatch/middleware/templates/rescues/template_error.html.erb within rescues/layout
  Rendering /Users/sanoyoh/.rbenv/versions/2.4.0/lib/ruby/gems/2.4.0/gems/actionpack-5.0.4/lib/action_dispatch/middleware/templates/rescues/_source.html.erb
  Rendered /Users/sanoyoh/.rbenv/versions/2.4.0/lib/ruby/gems/2.4.0/gems/actionpack-5.0.4/lib/action_dispatch/middleware/templates/rescues/_source.html.erb (5.0ms)
  Rendering /Users/sanoyoh/.rbenv/versions/2.4.0/lib/ruby/gems/2.4.0/gems/actionpack-5.0.4/lib/action_dispatch/middleware/templates/rescues/_trace.html.erb
  Rendered /Users/sanoyoh/.rbenv/versions/2.4.0/lib/ruby/gems/2.4.0/gems/actionpack-5.0.4/lib/action_dispatch/middleware/templates/rescues/_trace.html.erb (1.8ms)
  Rendering /Users/sanoyoh/.rbenv/versions/2.4.0/lib/ruby/gems/2.4.0/gems/actionpack-5.0.4/lib/action_dispatch/middleware/templates/rescues/_request_and_response.html.erb
  Rendered /Users/sanoyoh/.rbenv/versions/2.4.0/lib/ruby/gems/2.4.0/gems/actionpack-5.0.4/lib/action_dispatch/middleware/templates/rescues/_request_and_response.html.erb (0.7ms)
  Rendered /Users/sanoyoh/.rbenv/versions/2.4.0/lib/ruby/gems/2.4.0/gems/actionpack-5.0.4/lib/action_dispatch/middleware/templates/rescues/template_error.html.erb within rescues/layout (81.7ms)
Started GET "/" for 127.0.0.1 at 2017-07-19 10:18:54 +0800
Processing by SampleController#index as HTML
  Rendering sample/index.html.erb within layouts/application
  Rendered sample/index.html.erb within layouts/application (3.3ms)
Completed 500 Internal Server Error in 11ms (ActiveRecord: 0.0ms)


  
ActionView::Template::Error (wrong number of arguments (given 1, expected 2..4)):
    1: <h1>Sample</h1>
    2: <%= form_tag("/", method: "get") do %>
    3: 
    4:   <%= label :name %>
    5:   <%= text_field :name, class: 'form-control' %>
    6: 
    7:   <%= label :email %>
  
app/views/sample/index.html.erb:4:in `block in _app_views_sample_index_html_erb___727675793290764442_70204879322300'
app/views/sample/index.html.erb:2:in `_app_views_sample_index_html_erb___727675793290764442_70204879322300'
  Rendering /Users/sanoyoh/.rbenv/versions/2.4.0/lib/ruby/gems/2.4.0/gems/actionpack-5.0.4/lib/action_dispatch/middleware/templates/rescues/template_error.html.erb within rescues/layout
  Rendering /Users/sanoyoh/.rbenv/versions/2.4.0/lib/ruby/gems/2.4.0/gems/actionpack-5.0.4/lib/action_dispatch/middleware/templates/rescues/_source.html.erb
  Rendered /Users/sanoyoh/.rbenv/versions/2.4.0/lib/ruby/gems/2.4.0/gems/actionpack-5.0.4/lib/action_dispatch/middleware/templates/rescues/_source.html.erb (7.1ms)
  Rendering /Users/sanoyoh/.rbenv/versions/2.4.0/lib/ruby/gems/2.4.0/gems/actionpack-5.0.4/lib/action_dispatch/middleware/templates/rescues/_trace.html.erb
  Rendered /Users/sanoyoh/.rbenv/versions/2.4.0/lib/ruby/gems/2.4.0/gems/actionpack-5.0.4/lib/action_dispatch/middleware/templates/rescues/_trace.html.erb (2.1ms)
  Rendering /Users/sanoyoh/.rbenv/versions/2.4.0/lib/ruby/gems/2.4.0/gems/actionpack-5.0.4/lib/action_dispatch/middleware/templates/rescues/_request_and_response.html.erb
  Rendered /Users/sanoyoh/.rbenv/versions/2.4.0/lib/ruby/gems/2.4.0/gems/actionpack-5.0.4/lib/action_dispatch/middleware/templates/rescues/_request_and_response.html.erb (0.7ms)
  Rendered /Users/sanoyoh/.rbenv/versions/2.4.0/lib/ruby/gems/2.4.0/gems/actionpack-5.0.4/lib/action_dispatch/middleware/templates/rescues/template_error.html.erb within rescues/layout (76.2ms)
Started GET "/" for 127.0.0.1 at 2017-07-19 10:22:47 +0800
Processing by SampleController#index as HTML
  Rendering sample/index.html.erb within layouts/application
  Rendered sample/index.html.erb within layouts/application (2.2ms)
Completed 500 Internal Server Error in 10ms (ActiveRecord: 0.0ms)


  
ActionView::Template::Error (wrong number of arguments (given 1, expected 2..4)):
    1: <h1>Sample</h1>
    2: <%= form_tag("/", method: "get") do %>
    3: 
    4:   <%= label :name %>
    5:   <%= text_field :name, class: 'form-control' %>
    6: 
    7:   <%= label :email %>
  
app/views/sample/index.html.erb:4:in `block in _app_views_sample_index_html_erb___727675793290764442_70204860990520'
app/views/sample/index.html.erb:2:in `_app_views_sample_index_html_erb___727675793290764442_70204860990520'
  Rendering /Users/sanoyoh/.rbenv/versions/2.4.0/lib/ruby/gems/2.4.0/gems/actionpack-5.0.4/lib/action_dispatch/middleware/templates/rescues/template_error.html.erb within rescues/layout
  Rendering /Users/sanoyoh/.rbenv/versions/2.4.0/lib/ruby/gems/2.4.0/gems/actionpack-5.0.4/lib/action_dispatch/middleware/templates/rescues/_source.html.erb
  Rendered /Users/sanoyoh/.rbenv/versions/2.4.0/lib/ruby/gems/2.4.0/gems/actionpack-5.0.4/lib/action_dispatch/middleware/templates/rescues/_source.html.erb (17.1ms)
  Rendering /Users/sanoyoh/.rbenv/versions/2.4.0/lib/ruby/gems/2.4.0/gems/actionpack-5.0.4/lib/action_dispatch/middleware/templates/rescues/_trace.html.erb
  Rendered /Users/sanoyoh/.rbenv/versions/2.4.0/lib/ruby/gems/2.4.0/gems/actionpack-5.0.4/lib/action_dispatch/middleware/templates/rescues/_trace.html.erb (1.7ms)
  Rendering /Users/sanoyoh/.rbenv/versions/2.4.0/lib/ruby/gems/2.4.0/gems/actionpack-5.0.4/lib/action_dispatch/middleware/templates/rescues/_request_and_response.html.erb
  Rendered /Users/sanoyoh/.rbenv/versions/2.4.0/lib/ruby/gems/2.4.0/gems/actionpack-5.0.4/lib/action_dispatch/middleware/templates/rescues/_request_and_response.html.erb (0.7ms)
  Rendered /Users/sanoyoh/.rbenv/versions/2.4.0/lib/ruby/gems/2.4.0/gems/actionpack-5.0.4/lib/action_dispatch/middleware/templates/rescues/template_error.html.erb within rescues/layout (83.7ms)
Started GET "/" for 127.0.0.1 at 2017-07-19 10:23:06 +0800
Processing by SampleController#index as HTML
  Rendering sample/index.html.erb within layouts/application
  Rendered sample/index.html.erb within layouts/application (2.0ms)
Completed 500 Internal Server Error in 7ms (ActiveRecord: 0.0ms)


  
ActionView::Template::Error (wrong number of arguments (given 1, expected 2..4)):
    1: <!-- <h1>Sample</h1>
    2: <%= form_tag("/", method: "get") do %>
    3: 
    4:   <%= label :name %>
    5:   <%= text_field :name, class: 'form-control' %>
    6: 
    7:   <%= label :email %>
  
app/views/sample/index.html.erb:4:in `block in _app_views_sample_index_html_erb___727675793290764442_70204832324060'
app/views/sample/index.html.erb:2:in `_app_views_sample_index_html_erb___727675793290764442_70204832324060'
  Rendering /Users/sanoyoh/.rbenv/versions/2.4.0/lib/ruby/gems/2.4.0/gems/actionpack-5.0.4/lib/action_dispatch/middleware/templates/rescues/template_error.html.erb within rescues/layout
  Rendering /Users/sanoyoh/.rbenv/versions/2.4.0/lib/ruby/gems/2.4.0/gems/actionpack-5.0.4/lib/action_dispatch/middleware/templates/rescues/_source.html.erb
  Rendered /Users/sanoyoh/.rbenv/versions/2.4.0/lib/ruby/gems/2.4.0/gems/actionpack-5.0.4/lib/action_dispatch/middleware/templates/rescues/_source.html.erb (4.8ms)
  Rendering /Users/sanoyoh/.rbenv/versions/2.4.0/lib/ruby/gems/2.4.0/gems/actionpack-5.0.4/lib/action_dispatch/middleware/templates/rescues/_trace.html.erb
  Rendered /Users/sanoyoh/.rbenv/versions/2.4.0/lib/ruby/gems/2.4.0/gems/actionpack-5.0.4/lib/action_dispatch/middleware/templates/rescues/_trace.html.erb (2.6ms)
  Rendering /Users/sanoyoh/.rbenv/versions/2.4.0/lib/ruby/gems/2.4.0/gems/actionpack-5.0.4/lib/action_dispatch/middleware/templates/rescues/_request_and_response.html.erb
  Rendered /Users/sanoyoh/.rbenv/versions/2.4.0/lib/ruby/gems/2.4.0/gems/actionpack-5.0.4/lib/action_dispatch/middleware/templates/rescues/_request_and_response.html.erb (0.6ms)
  Rendered /Users/sanoyoh/.rbenv/versions/2.4.0/lib/ruby/gems/2.4.0/gems/actionpack-5.0.4/lib/action_dispatch/middleware/templates/rescues/template_error.html.erb within rescues/layout (71.7ms)
Started GET "/" for 127.0.0.1 at 2017-07-19 10:23:12 +0800
Processing by SampleController#index as HTML
  Rendering sample/index.html.erb within layouts/application
  Rendered sample/index.html.erb within layouts/application (0.7ms)
Completed 200 OK in 42ms (Views: 40.1ms | ActiveRecord: 0.0ms)


Started GET "/" for 127.0.0.1 at 2017-07-19 10:23:46 +0800
Processing by SampleController#index as HTML
  Rendering sample/index.html.erb within layouts/application
  Rendered sample/index.html.erb within layouts/application (0.7ms)
Completed 200 OK in 21ms (Views: 19.5ms | ActiveRecord: 0.0ms)


Started GET "/" for 127.0.0.1 at 2017-07-19 10:24:05 +0800
Processing by SampleController#index as HTML
  Rendering sample/index.html.erb within layouts/application
  Rendered sample/index.html.erb within layouts/application (1.4ms)
Completed 200 OK in 26ms (Views: 23.7ms | ActiveRecord: 0.0ms)


Started GET "/" for 127.0.0.1 at 2017-07-19 10:30:13 +0800
Processing by SampleController#index as HTML
  Rendering sample/index.html.erb within layouts/application
  Rendered sample/index.html.erb within layouts/application (0.6ms)
Completed 200 OK in 51ms (Views: 47.9ms | ActiveRecord: 0.0ms)


Started GET "/" for 127.0.0.1 at 2017-07-19 10:33:31 +0800
Processing by SampleController#index as HTML
  Rendering sample/index.html.erb within layouts/application
  Rendered sample/index.html.erb within layouts/application (0.7ms)
Completed 200 OK in 40ms (Views: 37.0ms | ActiveRecord: 0.0ms)


Started GET "/" for 127.0.0.1 at 2017-07-19 11:11:12 +0800
Processing by SampleController#index as HTML
  Rendering sample/index.html.erb within layouts/application
  Rendered sample/index.html.erb within layouts/application (2.9ms)
Completed 200 OK in 75ms (Views: 67.0ms | ActiveRecord: 0.0ms)


